<?xml version="1.0" encoding="UTF-8"?>
<!-- Generated by org.testng.reporters.JUnitXMLReporter -->
<testsuite hostname="DESKTOP-A9DN365" ignored="3" name="Test" tests="2" failures="0" timestamp="09 Nov 2021 03:42:10 GMT" time="0.111" errors="0">
  <testcase name="testCase1" time="0.009" classname="com.testNg.TestCases.testNgAnnotations3"/>
  <testcase name="testCase5" time="0.004" classname="com.testNg.TestCases.testNgAnnotations3"/>
  <testcase name="testCase3" time="0.0" classname="com.testNg.TestCases.testNgAnnotations3">
    <ignored/>
  </testcase> <!-- testCase3 -->
  <testcase name="testCase2" time="0.0" classname="com.testNg.TestCases.testNgAnnotations3">
    <ignored/>
  </testcase> <!-- testCase2 -->
  <testcase name="testCase4" time="0.0" classname="com.testNg.TestCases.testNgAnnotations3">
    <ignored/>
  </testcase> <!-- testCase4 -->
</testsuite> <!-- Test -->
